[0.008s] Invoking command in '/home/ajay/ajay_adit_ws/build/bot_description': CMAKE_PREFIX_PATH=/opt/ros/humble /usr/bin/cmake /home/ajay/ajay_adit_ws/src/bot_description -DAMENT_CMAKE_SYMLINK_INSTALL=1 -DCMAKE_INSTALL_PREFIX=/home/ajay/ajay_adit_ws/install/bot_description
[0.084s] -- The C compiler identification is GNU 11.4.0
[0.149s] -- The CXX compiler identification is GNU 11.4.0
[0.157s] -- Detecting C compiler ABI info
[0.219s] -- Detecting C compiler ABI info - done
[0.226s] -- Check for working C compiler: /usr/bin/cc - skipped
[0.226s] -- Detecting C compile features
[0.227s] -- Detecting C compile features - done
[0.230s] -- Detecting CXX compiler ABI info
[0.299s] -- Detecting CXX compiler ABI info - done
[0.306s] -- Check for working CXX compiler: /usr/bin/c++ - skipped
[0.306s] -- Detecting CXX compile features
[0.307s] -- Detecting CXX compile features - done
[0.310s] -- Found ament_cmake: 1.3.9 (/opt/ros/humble/share/ament_cmake/cmake)
[0.444s] -- Found Python3: /usr/bin/python3 (found version "3.10.12") found components: Interpreter 
[0.500s] -- Override CMake install command with custom implementation using symlinks instead of copying resources
[0.533s] -- Found ament_lint_auto: 0.12.11 (/opt/ros/humble/share/ament_lint_auto/cmake)
[0.609s] -- Added test 'copyright' to check source files copyright and LICENSE
[0.615s] -- Added test 'flake8' to check Python code syntax and style conventions
[0.617s] -- Added test 'lint_cmake' to check CMake code style
[0.617s] -- Added test 'pep257' to check Python code against some of the docstring style conventions in PEP 257
[0.621s] -- Added test 'xmllint' to check XML markup files
[0.622s] -- Configuring done
[0.625s] -- Generating done
[0.626s] -- Build files have been written to: /home/ajay/ajay_adit_ws/build/bot_description
[0.630s] Invoked command in '/home/ajay/ajay_adit_ws/build/bot_description' returned '0': CMAKE_PREFIX_PATH=/opt/ros/humble /usr/bin/cmake /home/ajay/ajay_adit_ws/src/bot_description -DAMENT_CMAKE_SYMLINK_INSTALL=1 -DCMAKE_INSTALL_PREFIX=/home/ajay/ajay_adit_ws/install/bot_description
[0.632s] Invoking command in '/home/ajay/ajay_adit_ws/build/bot_description': CMAKE_PREFIX_PATH=/opt/ros/humble /usr/bin/cmake --build /home/ajay/ajay_adit_ws/build/bot_description -- -j8 -l8
[0.665s] Invoked command in '/home/ajay/ajay_adit_ws/build/bot_description' returned '0': CMAKE_PREFIX_PATH=/opt/ros/humble /usr/bin/cmake --build /home/ajay/ajay_adit_ws/build/bot_description -- -j8 -l8
[0.692s] Invoking command in '/home/ajay/ajay_adit_ws/build/bot_description': CMAKE_PREFIX_PATH=/opt/ros/humble /usr/bin/cmake --install /home/ajay/ajay_adit_ws/build/bot_description
[0.699s] -- Install configuration: ""
[0.699s] -- Execute custom install script
[0.700s] -- Symlinking: /home/ajay/ajay_adit_ws/install/bot_description/share/bot_description/config/empty.yaml
[0.707s] -- Symlinking: /home/ajay/ajay_adit_ws/install/bot_description/share/bot_description/description/robot.urdf.xacro
[0.715s] -- Symlinking: /home/ajay/ajay_adit_ws/install/bot_description/share/bot_description/launch/rsp.launch.py
[0.723s] -- Symlinking: /home/ajay/ajay_adit_ws/install/bot_description/share/bot_description/worlds/empty.world
[0.731s] -- Symlinking: /home/ajay/ajay_adit_ws/install/bot_description/share/ament_index/resource_index/package_run_dependencies/bot_description
[0.739s] -- Symlinking: /home/ajay/ajay_adit_ws/install/bot_description/share/ament_index/resource_index/parent_prefix_path/bot_description
[0.747s] -- Symlinking: /home/ajay/ajay_adit_ws/install/bot_description/share/bot_description/environment/ament_prefix_path.sh
[0.755s] -- Symlinking: /home/ajay/ajay_adit_ws/install/bot_description/share/bot_description/environment/ament_prefix_path.dsv
[0.763s] -- Symlinking: /home/ajay/ajay_adit_ws/install/bot_description/share/bot_description/environment/path.sh
[0.771s] -- Symlinking: /home/ajay/ajay_adit_ws/install/bot_description/share/bot_description/environment/path.dsv
[0.778s] -- Symlinking: /home/ajay/ajay_adit_ws/install/bot_description/share/bot_description/local_setup.bash
[0.786s] -- Symlinking: /home/ajay/ajay_adit_ws/install/bot_description/share/bot_description/local_setup.sh
[0.794s] -- Symlinking: /home/ajay/ajay_adit_ws/install/bot_description/share/bot_description/local_setup.zsh
[0.802s] -- Symlinking: /home/ajay/ajay_adit_ws/install/bot_description/share/bot_description/local_setup.dsv
[0.809s] -- Symlinking: /home/ajay/ajay_adit_ws/install/bot_description/share/bot_description/package.dsv
[0.817s] -- Symlinking: /home/ajay/ajay_adit_ws/install/bot_description/share/ament_index/resource_index/packages/bot_description
[0.825s] -- Symlinking: /home/ajay/ajay_adit_ws/install/bot_description/share/bot_description/cmake/bot_descriptionConfig.cmake
[0.833s] -- Symlinking: /home/ajay/ajay_adit_ws/install/bot_description/share/bot_description/cmake/bot_descriptionConfig-version.cmake
[0.840s] -- Symlinking: /home/ajay/ajay_adit_ws/install/bot_description/share/bot_description/package.xml
[0.850s] Invoked command in '/home/ajay/ajay_adit_ws/build/bot_description' returned '0': CMAKE_PREFIX_PATH=/opt/ros/humble /usr/bin/cmake --install /home/ajay/ajay_adit_ws/build/bot_description
