running develop
running egg_info
creating bot_world.egg-info
writing bot_world.egg-info/PKG-INFO
writing dependency_links to bot_world.egg-info/dependency_links.txt
writing entry points to bot_world.egg-info/entry_points.txt
writing requirements to bot_world.egg-info/requires.txt
writing top-level names to bot_world.egg-info/top_level.txt
writing manifest file 'bot_world.egg-info/SOURCES.txt'
reading manifest file 'bot_world.egg-info/SOURCES.txt'
writing manifest file 'bot_world.egg-info/SOURCES.txt'
running build_ext
Creating /home/ajay/ajay_adit_ws/install/bot_world/lib/python3.10/site-packages/bot-world.egg-link (link to .)

Installed /home/ajay/ajay_adit_ws/build/bot_world
running symlink_data
creating /home/ajay/ajay_adit_ws/install/bot_world/share/ament_index
creating /home/ajay/ajay_adit_ws/install/bot_world/share/ament_index/resource_index
creating /home/ajay/ajay_adit_ws/install/bot_world/share/ament_index/resource_index/packages
symbolically linking /home/ajay/ajay_adit_ws/build/bot_world/resource/bot_world -> /home/ajay/ajay_adit_ws/install/bot_world/share/ament_index/resource_index/packages
symbolically linking /home/ajay/ajay_adit_ws/build/bot_world/package.xml -> /home/ajay/ajay_adit_ws/install/bot_world/share/bot_world
