[0.019s] Invoking command in '/home/ajay/ajay_adit_ws/build/bot_description': CMAKE_PREFIX_PATH=${CMAKE_PREFIX_PATH}:/home/ajay/ajay_adit_ws/install/bot_world:/opt/ros/humble /usr/bin/cmake --build /home/ajay/ajay_adit_ws/build/bot_description -- -j8 -l8
[0.048s] -- Found ament_cmake: 1.3.9 (/opt/ros/humble/share/ament_cmake/cmake)
[0.269s] -- Override CMake install command with custom implementation using symlinks instead of copying resources
[0.282s] -- Found ament_lint_auto: 0.12.11 (/opt/ros/humble/share/ament_lint_auto/cmake)
[0.306s] -- Found PythonLibs: /usr/lib/x86_64-linux-gnu/libpython3.10.so (found version "3.10.12") 
[0.323s] [31mCMake Error at CMakeLists.txt:27 (find_package):
[0.323s]   By not providing "FindPYBIND11.cmake" in CMAKE_MODULE_PATH this project has
[0.323s]   asked CMake to find a package configuration file provided by "PYBIND11",
[0.323s]   but CMake did not find one.
[0.324s] 
[0.324s]   Could not find a package configuration file provided by "PYBIND11" with any
[0.324s]   of the following names:
[0.324s] 
[0.324s]     PYBIND11Config.cmake
[0.324s]     pybind11-config.cmake
[0.324s] 
[0.324s]   Add the installation prefix of "PYBIND11" to CMAKE_PREFIX_PATH or set
[0.324s]   "PYBIND11_DIR" to a directory containing one of the above files.  If
[0.325s]   "PYBIND11" provides a separate development package or SDK, be sure it has
[0.325s]   been installed.
[0.325s] 
[0.325s] [0m
[0.325s] -- Configuring incomplete, errors occurred!
[0.325s] See also "/home/ajay/ajay_adit_ws/build/bot_description/CMakeFiles/CMakeOutput.log".
[0.329s] gmake: *** [Makefile:226: cmake_check_build_system] Error 1
[0.560s] Invoked command in '/home/ajay/ajay_adit_ws/build/bot_description' returned '2': CMAKE_PREFIX_PATH=${CMAKE_PREFIX_PATH}:/home/ajay/ajay_adit_ws/install/bot_world:/opt/ros/humble /usr/bin/cmake --build /home/ajay/ajay_adit_ws/build/bot_description -- -j8 -l8
